  FEMFXBvhBuild.cpp
  FEMFXBvhCollision.cpp
  FEMFXAtomicOps.cpp
  FEMFXSvd3x3.cpp
  FEMFXTetMath.cpp
  qsort_permutation.cpp
  qsort_userdata.cpp
  FEMFXConstraintIslands.cpp
  FEMFXConstraintSolveTaskGraph.cpp
  FEMFXConstraintSolver.cpp
  FEMFXConstraintSolverSetup.cpp
  FEMFXConstraintsBuffer.cpp
  FEMFXGraphColoring.cpp
  FEMFXPartitioning.cpp
  FEMFXBroadPhase.cpp
  FEMFXFindContacts.cpp
  FEMFXFindContactsRb.cpp
  FEMFXMeshCollision.cpp
  FEMFXSelfCollision.cpp
  FEMFXAabbCollision.cpp
  FEMFXBoxCcd.cpp
  FEMFXTriCcd.cpp
  FEMFXTriIntersection.cpp
  FEMFXMeshCreation.cpp
  FEMFXScene.cpp
  FEMFXSerialize.cpp
  FEMFXThreadTempMemory.cpp
  FEMFXDeformationConstraints.cpp
  FEMFXFracture.cpp
  FEMFXMeshConnectedComponents.cpp
  FEMFXRigidBody.cpp
  FEMFXSimulate.cpp
  FEMFXSleeping.cpp
  FEMFXTetMesh.cpp
  FEMFXUpdateTetState.cpp
  FEMFXConditionCheck.cpp
  FEMFXGsSolver.cpp
  FEMFXMpcgSolver.cpp
  FEMFXMpcgSolverSetup.cpp
  FEMFXParallelFor.cpp
  AMD_FEMFX_vs2017.vcxproj -> C:\Users\cesar.vargas\source\repos\FEMFX\amd_femfx\lib\AMD_FEMFX.lib
