c:\users\varga\source\repos\femfx\amd_femfx\obj\vs2019\x86_64\x64\release\femfxatomicops.obj
c:\users\varga\source\repos\femfx\amd_femfx\obj\vs2019\x86_64\x64\release\femfxgraphcoloring.obj
c:\users\varga\source\repos\femfx\amd_femfx\obj\vs2019\x86_64\x64\release\femfxboxccd.obj
c:\users\varga\source\repos\femfx\amd_femfx\obj\vs2019\x86_64\x64\release\femfxmeshconnectedcomponents.obj
c:\users\varga\source\repos\femfx\amd_femfx\obj\vs2019\x86_64\x64\release\femfxmpcgsolver.obj
c:\users\varga\source\repos\femfx\amd_femfx\obj\vs2019\x86_64\x64\release\femfxbvhbuild.obj
c:\users\varga\source\repos\femfx\amd_femfx\obj\vs2019\x86_64\x64\release\femfxpartitioning.obj
c:\users\varga\source\repos\femfx\amd_femfx\obj\vs2019\x86_64\x64\release\femfxtriccd.obj
c:\users\varga\source\repos\femfx\amd_femfx\obj\vs2019\x86_64\x64\release\femfxthreadtempmemory.obj
c:\users\varga\source\repos\femfx\amd_femfx\obj\vs2019\x86_64\x64\release\femfxupdatetetstate.obj
c:\users\varga\source\repos\femfx\amd_femfx\obj\vs2019\x86_64\x64\release\qsort_permutation.obj
c:\users\varga\source\repos\femfx\amd_femfx\obj\vs2019\x86_64\x64\release\femfxconstraintsolver.obj
c:\users\varga\source\repos\femfx\amd_femfx\obj\vs2019\x86_64\x64\release\femfxfindcontactsrb.obj
c:\users\varga\source\repos\femfx\amd_femfx\obj\vs2019\x86_64\x64\release\femfxscene.obj
c:\users\varga\source\repos\femfx\amd_femfx\obj\vs2019\x86_64\x64\release\femfxsleeping.obj
c:\users\varga\source\repos\femfx\amd_femfx\obj\vs2019\x86_64\x64\release\femfxparallelfor.obj
c:\users\varga\source\repos\femfx\amd_femfx\obj\vs2019\x86_64\x64\release\qsort_userdata.obj
c:\users\varga\source\repos\femfx\amd_femfx\obj\vs2019\x86_64\x64\release\femfxconstraintsolvetaskgraph.obj
c:\users\varga\source\repos\femfx\amd_femfx\obj\vs2019\x86_64\x64\release\femfxbroadphase.obj
c:\users\varga\source\repos\femfx\amd_femfx\obj\vs2019\x86_64\x64\release\femfxtriintersection.obj
c:\users\varga\source\repos\femfx\amd_femfx\obj\vs2019\x86_64\x64\release\femfxfracture.obj
c:\users\varga\source\repos\femfx\amd_femfx\obj\vs2019\x86_64\x64\release\femfxgssolver.obj
c:\users\varga\source\repos\femfx\amd_femfx\obj\vs2019\x86_64\x64\release\femfxtetmath.obj
c:\users\varga\source\repos\femfx\amd_femfx\obj\vs2019\x86_64\x64\release\femfxaabbcollision.obj
c:\users\varga\source\repos\femfx\amd_femfx\obj\vs2019\x86_64\x64\release\femfxmeshcreation.obj
c:\users\varga\source\repos\femfx\amd_femfx\obj\vs2019\x86_64\x64\release\femfxrigidbody.obj
c:\users\varga\source\repos\femfx\amd_femfx\obj\vs2019\x86_64\x64\release\femfxmpcgsolversetup.obj
c:\users\varga\source\repos\femfx\amd_femfx\obj\vs2019\x86_64\x64\release\femfxbvhcollision.obj
c:\users\varga\source\repos\femfx\amd_femfx\obj\vs2019\x86_64\x64\release\femfxconstraintsolversetup.obj
c:\users\varga\source\repos\femfx\amd_femfx\obj\vs2019\x86_64\x64\release\femfxmeshcollision.obj
c:\users\varga\source\repos\femfx\amd_femfx\obj\vs2019\x86_64\x64\release\femfxdeformationconstraints.obj
c:\users\varga\source\repos\femfx\amd_femfx\obj\vs2019\x86_64\x64\release\femfxconditioncheck.obj
c:\users\varga\source\repos\femfx\amd_femfx\obj\vs2019\x86_64\x64\release\femfxsvd3x3.obj
c:\users\varga\source\repos\femfx\amd_femfx\obj\vs2019\x86_64\x64\release\femfxconstraintsbuffer.obj
c:\users\varga\source\repos\femfx\amd_femfx\obj\vs2019\x86_64\x64\release\femfxselfcollision.obj
c:\users\varga\source\repos\femfx\amd_femfx\obj\vs2019\x86_64\x64\release\femfxserialize.obj
c:\users\varga\source\repos\femfx\amd_femfx\obj\vs2019\x86_64\x64\release\femfxtetmesh.obj
c:\users\varga\source\repos\femfx\amd_femfx\obj\vs2019\x86_64\x64\release\femfxconstraintislands.obj
c:\users\varga\source\repos\femfx\amd_femfx\obj\vs2019\x86_64\x64\release\femfxfindcontacts.obj
c:\users\varga\source\repos\femfx\amd_femfx\obj\vs2019\x86_64\x64\release\femfxsimulate.obj
c:\users\varga\source\repos\femfx\amd_femfx\obj\vs2019\x86_64\x64\release\amd_femfx.pdb
c:\users\varga\source\repos\femfx\amd_femfx\lib\amd_femfx.lib
c:\users\varga\source\repos\femfx\amd_femfx\obj\vs2019\x86_64\x64\release\amd_femfx.tlog\cl.10360.write.1.tlog
c:\users\varga\source\repos\femfx\amd_femfx\obj\vs2019\x86_64\x64\release\amd_femfx.tlog\cl.command.1.tlog
c:\users\varga\source\repos\femfx\amd_femfx\obj\vs2019\x86_64\x64\release\amd_femfx.tlog\cl.read.1.tlog
c:\users\varga\source\repos\femfx\amd_femfx\obj\vs2019\x86_64\x64\release\amd_femfx.tlog\lib-link.read.1.tlog
c:\users\varga\source\repos\femfx\amd_femfx\obj\vs2019\x86_64\x64\release\amd_femfx.tlog\lib-link.write.1.tlog
c:\users\varga\source\repos\femfx\amd_femfx\obj\vs2019\x86_64\x64\release\amd_femfx.tlog\lib.command.1.tlog
