  FEMFXConstraintIslands.cpp
  FEMFXConstraintSolveTaskGraph.cpp
  FEMFXConstraintSolver.cpp
  FEMFXConstraintSolverSetup.cpp
  FEMFXConstraintsBuffer.cpp
  FEMFXGraphColoring.cpp
  FEMFXPartitioning.cpp
  FEMFXBroadPhase.cpp
  FEMFXFindContacts.cpp
  FEMFXFindContactsRb.cpp
  FEMFXMeshCollision.cpp
  FEMFXSelfCollision.cpp
  FEMFXMeshCreation.cpp
  FEMFXScene.cpp
  FEMFXSerialize.cpp
  FEMFXThreadTempMemory.cpp
  FEMFXDeformationConstraints.cpp
  FEMFXFracture.cpp
  FEMFXMeshConnectedComponents.cpp
  FEMFXRigidBody.cpp
  FEMFXSimulate.cpp
  FEMFXSleeping.cpp
  FEMFXTetMesh.cpp
  FEMFXUpdateTetState.cpp
  FEMFXConditionCheck.cpp
  FEMFXMpcgSolver.cpp
  FEMFXMpcgSolverSetup.cpp
  AMD_FEMFX_vs2019.vcxproj -> C:\Users\varga\source\repos\FEMFX\amd_femfx\lib\AMD_FEMFX.lib
