c:\users\varga\source\repos\femfx\amd_femfx\obj\vs2019\x86_64\x64\debug\femfxconstraintsbuffer.obj
c:\users\varga\source\repos\femfx\amd_femfx\obj\vs2019\x86_64\x64\debug\femfxserialize.obj
c:\users\varga\source\repos\femfx\amd_femfx\obj\vs2019\x86_64\x64\debug\femfxsleeping.obj
c:\users\varga\source\repos\femfx\amd_femfx\obj\vs2019\x86_64\x64\debug\femfxconstraintsolversetup.obj
c:\users\varga\source\repos\femfx\amd_femfx\obj\vs2019\x86_64\x64\debug\femfxscene.obj
c:\users\varga\source\repos\femfx\amd_femfx\obj\vs2019\x86_64\x64\debug\femfxtetmesh.obj
c:\users\varga\source\repos\femfx\amd_femfx\obj\vs2019\x86_64\x64\debug\femfxbroadphase.obj
c:\users\varga\source\repos\femfx\amd_femfx\obj\vs2019\x86_64\x64\debug\femfxfindcontactsrb.obj
c:\users\varga\source\repos\femfx\amd_femfx\obj\vs2019\x86_64\x64\debug\femfxfracture.obj
c:\users\varga\source\repos\femfx\amd_femfx\obj\vs2019\x86_64\x64\debug\femfxmpcgsolversetup.obj
c:\users\varga\source\repos\femfx\amd_femfx\obj\vs2019\x86_64\x64\debug\femfxpartitioning.obj
c:\users\varga\source\repos\femfx\amd_femfx\obj\vs2019\x86_64\x64\debug\femfxthreadtempmemory.obj
c:\users\varga\source\repos\femfx\amd_femfx\obj\vs2019\x86_64\x64\debug\femfxsimulate.obj
c:\users\varga\source\repos\femfx\amd_femfx\obj\vs2019\x86_64\x64\debug\femfxconstraintsolvetaskgraph.obj
c:\users\varga\source\repos\femfx\amd_femfx\obj\vs2019\x86_64\x64\debug\femfxmeshcollision.obj
c:\users\varga\source\repos\femfx\amd_femfx\obj\vs2019\x86_64\x64\debug\femfxdeformationconstraints.obj
c:\users\varga\source\repos\femfx\amd_femfx\obj\vs2019\x86_64\x64\debug\femfxconditioncheck.obj
c:\users\varga\source\repos\femfx\amd_femfx\obj\vs2019\x86_64\x64\debug\femfxconstraintislands.obj
c:\users\varga\source\repos\femfx\amd_femfx\obj\vs2019\x86_64\x64\debug\femfxmeshcreation.obj
c:\users\varga\source\repos\femfx\amd_femfx\obj\vs2019\x86_64\x64\debug\femfxmeshconnectedcomponents.obj
c:\users\varga\source\repos\femfx\amd_femfx\obj\vs2019\x86_64\x64\debug\femfxgraphcoloring.obj
c:\users\varga\source\repos\femfx\amd_femfx\obj\vs2019\x86_64\x64\debug\femfxfindcontacts.obj
c:\users\varga\source\repos\femfx\amd_femfx\obj\vs2019\x86_64\x64\debug\femfxupdatetetstate.obj
c:\users\varga\source\repos\femfx\amd_femfx\obj\vs2019\x86_64\x64\debug\femfxconstraintsolver.obj
c:\users\varga\source\repos\femfx\amd_femfx\obj\vs2019\x86_64\x64\debug\femfxselfcollision.obj
c:\users\varga\source\repos\femfx\amd_femfx\obj\vs2019\x86_64\x64\debug\femfxrigidbody.obj
c:\users\varga\source\repos\femfx\amd_femfx\obj\vs2019\x86_64\x64\debug\femfxmpcgsolver.obj
c:\users\varga\source\repos\femfx\amd_femfx\obj\vs2019\x86_64\x64\debug\femfxatomicops.obj
c:\users\varga\source\repos\femfx\amd_femfx\obj\vs2019\x86_64\x64\debug\femfxtriintersection.obj
c:\users\varga\source\repos\femfx\amd_femfx\obj\vs2019\x86_64\x64\debug\femfxbvhcollision.obj
c:\users\varga\source\repos\femfx\amd_femfx\obj\vs2019\x86_64\x64\debug\femfxboxccd.obj
c:\users\varga\source\repos\femfx\amd_femfx\obj\vs2019\x86_64\x64\debug\qsort_permutation.obj
c:\users\varga\source\repos\femfx\amd_femfx\obj\vs2019\x86_64\x64\debug\qsort_userdata.obj
c:\users\varga\source\repos\femfx\amd_femfx\obj\vs2019\x86_64\x64\debug\femfxsvd3x3.obj
c:\users\varga\source\repos\femfx\amd_femfx\obj\vs2019\x86_64\x64\debug\femfxaabbcollision.obj
c:\users\varga\source\repos\femfx\amd_femfx\obj\vs2019\x86_64\x64\debug\femfxbvhbuild.obj
c:\users\varga\source\repos\femfx\amd_femfx\obj\vs2019\x86_64\x64\debug\femfxtriccd.obj
c:\users\varga\source\repos\femfx\amd_femfx\obj\vs2019\x86_64\x64\debug\femfxgssolver.obj
c:\users\varga\source\repos\femfx\amd_femfx\obj\vs2019\x86_64\x64\debug\femfxparallelfor.obj
c:\users\varga\source\repos\femfx\amd_femfx\obj\vs2019\x86_64\x64\debug\femfxtetmath.obj
c:\users\varga\source\repos\femfx\amd_femfx\obj\vs2019\x86_64\x64\debug\amd_femfx.pdb
c:\users\varga\source\repos\femfx\amd_femfx\lib\amd_femfx_d.lib
c:\users\varga\source\repos\femfx\amd_femfx\obj\vs2019\x86_64\x64\debug\amd_femfx.idb
c:\users\varga\source\repos\femfx\amd_femfx\obj\vs2019\x86_64\x64\debug\amd_femfx.tlog\cl.12648.write.1.tlog
c:\users\varga\source\repos\femfx\amd_femfx\obj\vs2019\x86_64\x64\debug\amd_femfx.tlog\cl.command.1.tlog
c:\users\varga\source\repos\femfx\amd_femfx\obj\vs2019\x86_64\x64\debug\amd_femfx.tlog\cl.read.1.tlog
c:\users\varga\source\repos\femfx\amd_femfx\obj\vs2019\x86_64\x64\debug\amd_femfx.tlog\lib-link.read.1.tlog
c:\users\varga\source\repos\femfx\amd_femfx\obj\vs2019\x86_64\x64\debug\amd_femfx.tlog\lib-link.write.1.tlog
c:\users\varga\source\repos\femfx\amd_femfx\obj\vs2019\x86_64\x64\debug\amd_femfx.tlog\lib.command.1.tlog
