c:\users\varga\source\repos\femfx\samples\femfxviewer\obj\vs2019\x86_64\x64\debug\examplerigidbodies.obj
c:\users\varga\source\repos\femfx\samples\femfxviewer\obj\vs2019\x86_64\x64\debug\rendertetassignment.obj
c:\users\varga\source\repos\femfx\samples\femfxviewer\obj\vs2019\x86_64\x64\debug\loadfemfile.obj
c:\users\varga\source\repos\femfx\samples\femfxviewer\obj\vs2019\x86_64\x64\debug\testscenes.obj
c:\users\varga\source\repos\femfx\samples\femfxviewer\obj\vs2019\x86_64\x64\debug\loadnodeelemesh.obj
c:\users\varga\source\repos\femfx\samples\femfxviewer\obj\vs2019\x86_64\x64\debug\femresource.obj
c:\users\varga\source\repos\femfx\samples\femfxviewer\obj\vs2019\x86_64\x64\debug\partitionfemmesh.obj
c:\users\varga\source\repos\femfx\samples\femfxviewer\obj\vs2019\x86_64\x64\debug\femfxviewer.obj
c:\users\varga\source\repos\femfx\samples\femfxviewer\obj\vs2019\x86_64\x64\debug\explosionforce.obj
c:\users\varga\source\repos\femfx\samples\femfxviewer\obj\vs2019\x86_64\x64\debug\vc142.pdb
c:\users\varga\source\repos\femfx\samples\femfxviewer\build\vs2019\x86_64\debug\femfxviewer_d.exe
c:\users\varga\source\repos\femfx\samples\femfxviewer\build\vs2019\x86_64\debug\femfxviewer_d.ilk
c:\users\varga\source\repos\femfx\samples\femfxviewer\build\vs2019\x86_64\debug\femfxviewer_d.pdb
c:\users\varga\source\repos\femfx\samples\femfxviewer\obj\vs2019\x86_64\x64\debug\vc142.idb
c:\users\varga\source\repos\femfx\samples\femfxviewer\obj\vs2019\x86_64\x64\debug\femfxviewer.tlog\cl.command.1.tlog
c:\users\varga\source\repos\femfx\samples\femfxviewer\obj\vs2019\x86_64\x64\debug\femfxviewer.tlog\cl.read.1.tlog
c:\users\varga\source\repos\femfx\samples\femfxviewer\obj\vs2019\x86_64\x64\debug\femfxviewer.tlog\cl.write.1.tlog
c:\users\varga\source\repos\femfx\samples\femfxviewer\obj\vs2019\x86_64\x64\debug\femfxviewer.tlog\link.command.1.tlog
c:\users\varga\source\repos\femfx\samples\femfxviewer\obj\vs2019\x86_64\x64\debug\femfxviewer.tlog\link.read.1.tlog
c:\users\varga\source\repos\femfx\samples\femfxviewer\obj\vs2019\x86_64\x64\debug\femfxviewer.tlog\link.write.1.tlog
